-------------------------------------------------------------------------------
Test set: com.springframework.sfgpetclinic.controller.OwnerControllerTest
-------------------------------------------------------------------------------
Tests run: 5, Failures: 5, Errors: 0, Skipped: 0, Time elapsed: 2.9 s <<< FAILURE! - in com.springframework.sfgpetclinic.controller.OwnerControllerTest
testDisplayOwner  Time elapsed: 2.406 s  <<< FAILURE!
java.lang.AssertionError: Status expected:<200> but was:<404>
	at com.springframework.sfgpetclinic.controller.OwnerControllerTest.testDisplayOwner(OwnerControllerTest.java:89)

testListOwners  Time elapsed: 0.29 s  <<< FAILURE!
java.lang.AssertionError: Status expected:<200> but was:<404>
	at com.springframework.sfgpetclinic.controller.OwnerControllerTest.testListOwners(OwnerControllerTest.java:66)

testFindOwner  Time elapsed: 0.111 s  <<< FAILURE!
java.lang.AssertionError: Status expected:<200> but was:<404>
	at com.springframework.sfgpetclinic.controller.OwnerControllerTest.testFindOwner(OwnerControllerTest.java:75)

testFindByLastNameReturnOne  Time elapsed: 0.056 s  <<< FAILURE!
java.lang.AssertionError: Range for response status value 404 expected:<REDIRECTION> but was:<CLIENT_ERROR>
	at com.springframework.sfgpetclinic.controller.OwnerControllerTest.testFindByLastNameReturnOne(OwnerControllerTest.java:128)

testFindByLastNameReturnMany  Time elapsed: 0.016 s  <<< FAILURE!
java.lang.AssertionError: Status expected:<200> but was:<404>
	at com.springframework.sfgpetclinic.controller.OwnerControllerTest.testFindByLastNameReturnMany(OwnerControllerTest.java:110)

